make --dry-run --always-make --keep-going --print-directory
make: Entering directory '/home/eug/lab2/editor'
gcc -c -Wall -Wextra -DDEBUG -g -O0 -o c1n.o c1n.c
gcc -c -Wall -Wextra -DDEBUG -g -O0 -o ch.o ch.c
gcc -c -Wall -Wextra -DDEBUG -g -O0 -o editor.o editor.c
gcc -c -Wall -Wextra -DDEBUG -g -O0 -o get_cursor.o get_cursor.c
gcc -c -Wall -Wextra -DDEBUG -g -O0 -o load.o load.c
gcc -c -Wall -Wextra -DDEBUG -g -O0 -o mwcursor.o mwcursor.c
gcc -c -Wall -Wextra -DDEBUG -g -O0 -o save.o save.c
gcc -c -Wall -Wextra -DDEBUG -g -O0 -o show.o show.c
gcc -c -Wall -Wextra -DDEBUG -g -O0 -o showlineswithdigits.o showlineswithdigits.c
cd text && make -Bknw debug
 
make[1]: Entering directory '/home/eug/lab2/editor/text'
gcc -c -Wall -Wextra -DDEBUG -ggdb3 -O0 -o append_line.o append_line.c
gcc -c -Wall -Wextra -DDEBUG -ggdb3 -O0 -o create_text.o create_text.c
gcc -c -Wall -Wextra -DDEBUG -ggdb3 -O0 -o move_cursor.o move_cursor.c
gcc -c -Wall -Wextra -DDEBUG -ggdb3 -O0 -o process_forward.o process_forward.c
gcc -c -Wall -Wextra -DDEBUG -ggdb3 -O0 -o remove_all.o remove_all.c
ar -rcs libtext.a append_line.o create_text.o move_cursor.o process_forward.o remove_all.o
make[1]: Leaving directory '/home/eug/lab2/editor/text'
gcc  -o editor  c1n.o  ch.o  editor.o  get_cursor.o  load.o  mwcursor.o  save.o  show.o  showlineswithdigits.o -L./text -ltext
make: Leaving directory '/home/eug/lab2/editor'
 
